<?xml version="1.0" encoding="UTF-8"?>
<!-- Generated by org.testng.reporters.JUnitXMLReporter -->
<testsuite ignored="0" hostname="LAPTOP-TRPCUAF7" failures="0" tests="5" name="Test" time="120.991" errors="0" timestamp="2024-08-16T16:34:02 IST">
  <testcase classname="Testing.test1" name="func" time="45.716"/>
  <testcase classname="Testing.test5" name="func5" time="40.585"/>
  <testcase classname="Testing.test4" name="func4" time="12.164"/>
  <testcase classname="Testing.test3" name="func3" time="9.367"/>
  <testcase classname="Testing.test2" name="func2" time="13.118"/>
</testsuite> <!-- Test -->
